  main.cpp
d:\dob\fmi doclock\fmi prog\cache\crafter\product.h(20): warning C4996: 'strcpy': This function or variable may be unsafe. Consider using strcpy_s instead. To disable deprecation, use _CRT_SECURE_NO_WARNINGS. See online help for details.
  c:\program files\windows kits\10\include\10.0.10240.0\ucrt\string.h(119): note: see declaration of 'strcpy'
d:\dob\fmi doclock\fmi prog\cache\crafter\product.h(30): warning C4996: 'strcpy': This function or variable may be unsafe. Consider using strcpy_s instead. To disable deprecation, use _CRT_SECURE_NO_WARNINGS. See online help for details.
  c:\program files\windows kits\10\include\10.0.10240.0\ucrt\string.h(119): note: see declaration of 'strcpy'
d:\dob\fmi doclock\fmi prog\cache\crafter\product.h(42): warning C4996: 'strcpy': This function or variable may be unsafe. Consider using strcpy_s instead. To disable deprecation, use _CRT_SECURE_NO_WARNINGS. See online help for details.
  c:\program files\windows kits\10\include\10.0.10240.0\ucrt\string.h(119): note: see declaration of 'strcpy'
d:\dob\fmi doclock\fmi prog\cache\crafter\product.h(58): warning C4996: 'strcpy': This function or variable may be unsafe. Consider using strcpy_s instead. To disable deprecation, use _CRT_SECURE_NO_WARNINGS. See online help for details.
  c:\program files\windows kits\10\include\10.0.10240.0\ucrt\string.h(119): note: see declaration of 'strcpy'
d:\dob\fmi doclock\fmi prog\cache\crafter\crafter.h(28): warning C4996: 'strcpy': This function or variable may be unsafe. Consider using strcpy_s instead. To disable deprecation, use _CRT_SECURE_NO_WARNINGS. See online help for details.
  c:\program files\windows kits\10\include\10.0.10240.0\ucrt\string.h(119): note: see declaration of 'strcpy'
d:\dob\fmi doclock\fmi prog\cache\crafter\crafter.h(38): warning C4996: 'strcpy': This function or variable may be unsafe. Consider using strcpy_s instead. To disable deprecation, use _CRT_SECURE_NO_WARNINGS. See online help for details.
  c:\program files\windows kits\10\include\10.0.10240.0\ucrt\string.h(119): note: see declaration of 'strcpy'
d:\dob\fmi doclock\fmi prog\cache\crafter\crafter.h(54): warning C4018: '<': signed/unsigned mismatch
d:\dob\fmi doclock\fmi prog\cache\crafter\crafter.h(50): warning C4996: 'strcpy': This function or variable may be unsafe. Consider using strcpy_s instead. To disable deprecation, use _CRT_SECURE_NO_WARNINGS. See online help for details.
  c:\program files\windows kits\10\include\10.0.10240.0\ucrt\string.h(119): note: see declaration of 'strcpy'
d:\dob\fmi doclock\fmi prog\cache\crafter\crafter.h(77): warning C4018: '<': signed/unsigned mismatch
d:\dob\fmi doclock\fmi prog\cache\crafter\crafter.h(72): warning C4996: 'strcpy': This function or variable may be unsafe. Consider using strcpy_s instead. To disable deprecation, use _CRT_SECURE_NO_WARNINGS. See online help for details.
  c:\program files\windows kits\10\include\10.0.10240.0\ucrt\string.h(119): note: see declaration of 'strcpy'
d:\dob\fmi doclock\fmi prog\cache\crafter\crafter.h(113): warning C4018: '<': signed/unsigned mismatch
d:\dob\fmi doclock\fmi prog\cache\crafter\main.cpp(30): warning C4018: '<': signed/unsigned mismatch
d:\dob\fmi doclock\fmi prog\cache\crafter\main.cpp(36): warning C4018: '<': signed/unsigned mismatch
  Crafter.vcxproj -> D:\DoB\FMI DocLock\FMI Prog\Cache\Crafter\Debug\Crafter.exe
  Crafter.vcxproj -> D:\DoB\FMI DocLock\FMI Prog\Cache\Crafter\Debug\Crafter.pdb (Full PDB)
